<?xml version="1.0" encoding="UTF-8"?>
<testsuite name="Calculator" tests="1" skipped="0" failures="0" errors="0" timestamp="2022-09-16T15:57:07" hostname="zeemo" time="0.739">
  <properties/>
  <testcase name="Sum two numbers" classname="Calculator" time="0.739"/>
  <system-out><![CDATA[http://localhost:7777
08:57:08.025 [Test worker] DEBUG org.springframework.web.client.RestTemplate - HTTP GET http://localhost:7777/sum?a=1&b=2
08:57:08.033 [Test worker] DEBUG org.springframework.web.client.RestTemplate - Accept=[text/plain, application/json, application/*+json, */*]
08:57:08.051 [Test worker] DEBUG org.springframework.web.client.RestTemplate - Response 200 OK
08:57:08.054 [Test worker] DEBUG org.springframework.web.client.RestTemplate - Reading to [java.lang.String] as "text/plain;charset=UTF-8"
3
]]></system-out>
  <system-err><![CDATA[]]></system-err>
</testsuite>
