<?xml version="1.0" encoding="UTF-8"?>
<testsuite name="com.zeemo.calculator.CalculatorApplicationTests" tests="1" skipped="0" failures="0" errors="0" timestamp="2022-09-15T10:17:21" hostname="zeemo" time="0.289">
  <properties/>
  <testcase name="contextLoads()" classname="com.zeemo.calculator.CalculatorApplicationTests" time="0.289"/>
  <system-out><![CDATA[03:17:17.386 [Test worker] DEBUG org.springframework.test.context.BootstrapUtils - Instantiating CacheAwareContextLoaderDelegate from class [org.springframework.test.context.cache.DefaultCacheAwareContextLoaderDelegate]
03:17:17.411 [Test worker] DEBUG org.springframework.test.context.BootstrapUtils - Instantiating BootstrapContext using constructor [public org.springframework.test.context.support.DefaultBootstrapContext(java.lang.Class,org.springframework.test.context.CacheAwareContextLoaderDelegate)]
03:17:17.492 [Test worker] DEBUG org.springframework.test.context.BootstrapUtils - Instantiating TestContextBootstrapper for test class [com.zeemo.calculator.CalculatorApplicationTests] from class [org.springframework.boot.test.context.SpringBootTestContextBootstrapper]
03:17:17.510 [Test worker] INFO org.springframework.boot.test.context.SpringBootTestContextBootstrapper - Neither @ContextConfiguration nor @ContextHierarchy found for test class [com.zeemo.calculator.CalculatorApplicationTests], using SpringBootContextLoader
03:17:17.518 [Test worker] DEBUG org.springframework.test.context.support.AbstractContextLoader - Did not detect default resource location for test class [com.zeemo.calculator.CalculatorApplicationTests]: class path resource [com/zeemo/calculator/CalculatorApplicationTests-context.xml] does not exist
03:17:17.518 [Test worker] DEBUG org.springframework.test.context.support.AbstractContextLoader - Did not detect default resource location for test class [com.zeemo.calculator.CalculatorApplicationTests]: class path resource [com/zeemo/calculator/CalculatorApplicationTestsContext.groovy] does not exist
03:17:17.519 [Test worker] INFO org.springframework.test.context.support.AbstractContextLoader - Could not detect default resource locations for test class [com.zeemo.calculator.CalculatorApplicationTests]: no resource found for suffixes {-context.xml, Context.groovy}.
03:17:17.520 [Test worker] INFO org.springframework.test.context.support.AnnotationConfigContextLoaderUtils - Could not detect default configuration classes for test class [com.zeemo.calculator.CalculatorApplicationTests]: CalculatorApplicationTests does not declare any static, non-private, non-final, nested classes annotated with @Configuration.
03:17:17.583 [Test worker] DEBUG org.springframework.test.context.support.ActiveProfilesUtils - Could not find an 'annotation declaring class' for annotation type [org.springframework.test.context.ActiveProfiles] and class [com.zeemo.calculator.CalculatorApplicationTests]
03:17:17.693 [Test worker] DEBUG org.springframework.context.annotation.ClassPathScanningCandidateComponentProvider - Identified candidate component class: file [/home/zeemo/practiceDevOps/practiceOne/springBootAppForJenkins/Calculator/build/classes/java/main/com/zeemo/calculator/CalculatorApplication.class]
03:17:17.705 [Test worker] INFO org.springframework.boot.test.context.SpringBootTestContextBootstrapper - Found @SpringBootConfiguration com.zeemo.calculator.CalculatorApplication for test class com.zeemo.calculator.CalculatorApplicationTests
03:17:17.836 [Test worker] DEBUG org.springframework.boot.test.context.SpringBootTestContextBootstrapper - @TestExecutionListeners is not present for class [com.zeemo.calculator.CalculatorApplicationTests]: using defaults.
03:17:17.837 [Test worker] INFO org.springframework.boot.test.context.SpringBootTestContextBootstrapper - Loaded default TestExecutionListener class names from location [META-INF/spring.factories]: [org.springframework.boot.test.autoconfigure.restdocs.RestDocsTestExecutionListener, org.springframework.boot.test.autoconfigure.web.client.MockRestServiceServerResetTestExecutionListener, org.springframework.boot.test.autoconfigure.web.servlet.MockMvcPrintOnlyOnFailureTestExecutionListener, org.springframework.boot.test.autoconfigure.web.servlet.WebDriverTestExecutionListener, org.springframework.boot.test.autoconfigure.webservices.client.MockWebServiceServerTestExecutionListener, org.springframework.boot.test.mock.mockito.MockitoTestExecutionListener, org.springframework.boot.test.mock.mockito.ResetMocksTestExecutionListener, org.springframework.test.context.web.ServletTestExecutionListener, org.springframework.test.context.support.DirtiesContextBeforeModesTestExecutionListener, org.springframework.test.context.event.ApplicationEventsTestExecutionListener, org.springframework.test.context.support.DependencyInjectionTestExecutionListener, org.springframework.test.context.support.DirtiesContextTestExecutionListener, org.springframework.test.context.transaction.TransactionalTestExecutionListener, org.springframework.test.context.jdbc.SqlScriptsTestExecutionListener, org.springframework.test.context.event.EventPublishingTestExecutionListener]
03:17:17.849 [Test worker] DEBUG org.springframework.boot.test.context.SpringBootTestContextBootstrapper - Skipping candidate TestExecutionListener [org.springframework.test.context.transaction.TransactionalTestExecutionListener] due to a missing dependency. Specify custom listener classes or make the default listener classes and their required dependencies available. Offending class: [org/springframework/transaction/TransactionDefinition]
03:17:17.850 [Test worker] DEBUG org.springframework.boot.test.context.SpringBootTestContextBootstrapper - Skipping candidate TestExecutionListener [org.springframework.test.context.jdbc.SqlScriptsTestExecutionListener] due to a missing dependency. Specify custom listener classes or make the default listener classes and their required dependencies available. Offending class: [org/springframework/transaction/interceptor/TransactionAttribute]
03:17:17.850 [Test worker] INFO org.springframework.boot.test.context.SpringBootTestContextBootstrapper - Using TestExecutionListeners: [org.springframework.test.context.web.ServletTestExecutionListener@47f0e078, org.springframework.test.context.support.DirtiesContextBeforeModesTestExecutionListener@28db2afb, org.springframework.test.context.event.ApplicationEventsTestExecutionListener@5c703860, org.springframework.boot.test.mock.mockito.MockitoTestExecutionListener@6315bb4, org.springframework.boot.test.autoconfigure.SpringBootDependencyInjectionTestExecutionListener@4682882a, org.springframework.test.context.support.DirtiesContextTestExecutionListener@37fffef3, org.springframework.test.context.event.EventPublishingTestExecutionListener@6a116354, org.springframework.boot.test.autoconfigure.restdocs.RestDocsTestExecutionListener@66716959, org.springframework.boot.test.autoconfigure.web.client.MockRestServiceServerResetTestExecutionListener@34e07e65, org.springframework.boot.test.autoconfigure.web.servlet.MockMvcPrintOnlyOnFailureTestExecutionListener@7ca0166c, org.springframework.boot.test.autoconfigure.web.servlet.WebDriverTestExecutionListener@1dcad16f, org.springframework.boot.test.autoconfigure.webservices.client.MockWebServiceServerTestExecutionListener@701c482e, org.springframework.boot.test.mock.mockito.ResetMocksTestExecutionListener@4738131e]
03:17:17.855 [Test worker] DEBUG org.springframework.test.context.support.AbstractDirtiesContextTestExecutionListener - Before test class: context [DefaultTestContext@7b80af04 testClass = CalculatorApplicationTests, testInstance = [null], testMethod = [null], testException = [null], mergedContextConfiguration = [WebMergedContextConfiguration@2447940d testClass = CalculatorApplicationTests, locations = '{}', classes = '{class com.zeemo.calculator.CalculatorApplication}', contextInitializerClasses = '[]', activeProfiles = '{}', propertySourceLocations = '{}', propertySourceProperties = '{org.springframework.boot.test.context.SpringBootTestContextBootstrapper=true}', contextCustomizers = set[org.springframework.boot.test.autoconfigure.actuate.metrics.MetricsExportContextCustomizerFactory$DisableMetricExportContextCustomizer@280fafd, org.springframework.boot.test.autoconfigure.properties.PropertyMappingContextCustomizer@0, org.springframework.boot.test.autoconfigure.web.servlet.WebDriverContextCustomizerFactory$Customizer@582e9152, org.springframework.boot.test.context.filter.ExcludeFilterContextCustomizer@60b5e80d, org.springframework.boot.test.json.DuplicateJsonObjectContextCustomizerFactory$DuplicateJsonObjectContextCustomizer@706f6d26, org.springframework.boot.test.mock.mockito.MockitoContextCustomizer@0, org.springframework.boot.test.web.client.TestRestTemplateContextCustomizer@b1b471, org.springframework.boot.test.context.SpringBootTestArgs@1, org.springframework.boot.test.context.SpringBootTestWebEnvironment@7068f7ca], resourceBasePath = 'src/main/webapp', contextLoader = 'org.springframework.boot.test.context.SpringBootContextLoader', parent = [null]], attributes = map['org.springframework.test.context.web.ServletTestExecutionListener.activateListener' -> true]], class annotated with @DirtiesContext [false] with mode [null].

  .   ____          _            __ _ _
 /\\ / ___'_ __ _ _(_)_ __  __ _ \ \ \ \
( ( )\___ | '_ | '_| | '_ \/ _` | \ \ \ \
 \\/  ___)| |_)| | | | | || (_| |  ) ) ) )
  '  |____| .__|_| |_|_| |_\__, | / / / /
 =========|_|==============|___/=/_/_/_/
 :: Spring Boot ::                (v2.7.3)

2022-09-15 03:17:18.311  INFO 16984 --- [    Test worker] c.z.c.CalculatorApplicationTests         : Starting CalculatorApplicationTests using Java 1.8.0_342 on zeemo with PID 16984 (started by zeemo in /home/zeemo/practiceDevOps/practiceOne/springBootAppForJenkins/Calculator)
2022-09-15 03:17:18.312  INFO 16984 --- [    Test worker] c.z.c.CalculatorApplicationTests         : No active profile set, falling back to 1 default profile: "default"
2022-09-15 03:17:21.097  INFO 16984 --- [    Test worker] c.z.c.CalculatorApplicationTests         : Started CalculatorApplicationTests in 3.197 seconds (JVM running for 4.936)
]]></system-out>
  <system-err><![CDATA[]]></system-err>
</testsuite>
