<?xml version="1.0" encoding="UTF-8"?>
<testsuite name="com.zeemo.calculator.CalculatorTest" tests="1" skipped="0" failures="0" errors="0" timestamp="2022-09-14T15:59:57" hostname="zeemo" time="0.005">
  <properties/>
  <testcase name="testSum()" classname="com.zeemo.calculator.CalculatorTest" time="0.005"/>
  <system-out><![CDATA[]]></system-out>
  <system-err><![CDATA[]]></system-err>
</testsuite>
