<?xml version="1.0" encoding="UTF-8"?>
<testsuite name="com.zeemo.calculator.CalculatorTest" tests="2" skipped="0" failures="0" errors="0" timestamp="2022-09-15T10:17:21" hostname="zeemo" time="0.007">
  <properties/>
  <testcase name="testSum()" classname="com.zeemo.calculator.CalculatorTest" time="0.005"/>
  <testcase name="testSubtraction()" classname="com.zeemo.calculator.CalculatorTest" time="0.001"/>
  <system-out><![CDATA[]]></system-out>
  <system-err><![CDATA[]]></system-err>
</testsuite>
